----------------------------------------------------------------
Wed Apr 01 23:46:50 EEST 2015:
 Производится загрузка Derby версии The Apache Software Foundation - Apache Derby - 10.11.1.1 - (1616546): экземпляр a816c00e-014c-76bc-89e2-000002c04938
в каталоге базы данных D:\Development\Java\CurrencyViewer\assets\db\currency_rates sun.misc.Launcher$AppClassLoader@55f96302 

java.vendor=Oracle Corporation
java.runtime.version=1.8.0_25-b18
user.dir=D:\Development\Java\CurrencyViewer
os.name=Windows 8.1
os.arch=amd64
os.version=6.3
derby.system.home=null

-----------  НАЧАЛО СТЕКА ОШИБКИ ЗАВЕРШЕНИЯ РАБОТЫ ------------

ERROR XSLA7: Невозможно повторить операцию null в журнале.
	at org.apache.derby.iapi.error.StandardException.newException(Unknown Source)
	at org.apache.derby.impl.store.raw.log.FileLogger.redo(Unknown Source)
	at org.apache.derby.impl.store.raw.log.LogToFile.recover(Unknown Source)
	at org.apache.derby.impl.store.raw.RawStore.boot(Unknown Source)
	at org.apache.derby.impl.services.monitor.BaseMonitor.boot(Unknown Source)
	at org.apache.derby.impl.services.monitor.TopService.bootModule(Unknown Source)
	at org.apache.derby.impl.services.monitor.BaseMonitor.startModule(Unknown Source)
	at org.apache.derby.impl.services.monitor.FileMonitor.startModule(Unknown Source)
	at org.apache.derby.iapi.services.monitor.Monitor.bootServiceModule(Unknown Source)
	at org.apache.derby.impl.store.access.RAMAccessManager.boot(Unknown Source)
	at org.apache.derby.impl.services.monitor.BaseMonitor.boot(Unknown Source)
	at org.apache.derby.impl.services.monitor.TopService.bootModule(Unknown Source)
	at org.apache.derby.impl.services.monitor.BaseMonitor.startModule(Unknown Source)
	at org.apache.derby.impl.services.monitor.FileMonitor.startModule(Unknown Source)
	at org.apache.derby.iapi.services.monitor.Monitor.bootServiceModule(Unknown Source)
	at org.apache.derby.impl.db.BasicDatabase.bootStore(Unknown Source)
	at org.apache.derby.impl.db.BasicDatabase.boot(Unknown Source)
	at org.apache.derby.impl.services.monitor.BaseMonitor.boot(Unknown Source)
	at org.apache.derby.impl.services.monitor.TopService.bootModule(Unknown Source)
	at org.apache.derby.impl.services.monitor.BaseMonitor.bootService(Unknown Source)
	at org.apache.derby.impl.services.monitor.BaseMonitor.startProviderService(Unknown Source)
	at org.apache.derby.impl.services.monitor.BaseMonitor.findProviderAndStartService(Unknown Source)
	at org.apache.derby.impl.services.monitor.BaseMonitor.startPersistentService(Unknown Source)
	at org.apache.derby.iapi.services.monitor.Monitor.startPersistentService(Unknown Source)
	at org.apache.derby.impl.jdbc.EmbedConnection.bootDatabase(Unknown Source)
	at org.apache.derby.impl.jdbc.EmbedConnection.<init>(Unknown Source)
	at org.apache.derby.jdbc.InternalDriver.getNewEmbedConnection(Unknown Source)
	at org.apache.derby.jdbc.InternalDriver.connect(Unknown Source)
	at org.apache.derby.jdbc.InternalDriver.connect(Unknown Source)
	at org.apache.derby.jdbc.AutoloadedDriver.connect(Unknown Source)
	at java.sql.DriverManager.getConnection(DriverManager.java:664)
	at java.sql.DriverManager.getConnection(DriverManager.java:247)
	at com.ndemyanovskyi.derby.Derby.lambda$connect$29(Derby.java:27)
	at com.ndemyanovskyi.derby.Derby$$Lambda$366/1714535928.get(Unknown Source)
	at com.ndemyanovskyi.throwable.Exceptions.execute(Exceptions.java:52)
	at com.ndemyanovskyi.derby.Derby.connect(Derby.java:24)
	at com.ndemyanovskyi.backend.DataManager.getDatabase(DataManager.java:77)
	at com.ndemyanovskyi.backend.DataManager.getTable(DataManager.java:87)
	at com.ndemyanovskyi.backend.DataManager.getTable(DataManager.java:81)
	at com.ndemyanovskyi.backend.DataManager$RateListLoader.load(DataManager.java:414)
	at com.ndemyanovskyi.backend.DataManager$RateListLoader.load(DataManager.java:371)
	at com.ndemyanovskyi.backend.loader.SimpleLoader.lambda$execute$36(SimpleLoader.java:28)
	at com.ndemyanovskyi.backend.loader.SimpleLoader$$Lambda$365/443280953.run(Unknown Source)
	at java.lang.Thread.run(Thread.java:745)
Caused by: ERROR XSDB4: Страница Page(0,Container(0, 1200)) относится к версии 14; файл журнала содержит версию изменений 15; либо отсутствуют записи журнала для данной страницы, либо данная страница не была правильным образом записана на диск.
	at org.apache.derby.iapi.error.StandardException.newException(Unknown Source)
	at org.apache.derby.iapi.error.StandardException.newException(Unknown Source)
	at org.apache.derby.impl.store.raw.data.PageBasicOperation.needsRedo(Unknown Source)
	... 43 more
============= begin nested exception, level (1) ===========
ERROR XSDB4: Страница Page(0,Container(0, 1200)) относится к версии 14; файл журнала содержит версию изменений 15; либо отсутствуют записи журнала для данной страницы, либо данная страница не была правильным образом записана на диск.
	at org.apache.derby.iapi.error.StandardException.newException(Unknown Source)
	at org.apache.derby.iapi.error.StandardException.newException(Unknown Source)
	at org.apache.derby.impl.store.raw.data.PageBasicOperation.needsRedo(Unknown Source)
	at org.apache.derby.impl.store.raw.log.FileLogger.redo(Unknown Source)
	at org.apache.derby.impl.store.raw.log.LogToFile.recover(Unknown Source)
	at org.apache.derby.impl.store.raw.RawStore.boot(Unknown Source)
	at org.apache.derby.impl.services.monitor.BaseMonitor.boot(Unknown Source)
	at org.apache.derby.impl.services.monitor.TopService.bootModule(Unknown Source)
	at org.apache.derby.impl.services.monitor.BaseMonitor.startModule(Unknown Source)
	at org.apache.derby.impl.services.monitor.FileMonitor.startModule(Unknown Source)
	at org.apache.derby.iapi.services.monitor.Monitor.bootServiceModule(Unknown Source)
	at org.apache.derby.impl.store.access.RAMAccessManager.boot(Unknown Source)
	at org.apache.derby.impl.services.monitor.BaseMonitor.boot(Unknown Source)
	at org.apache.derby.impl.services.monitor.TopService.bootModule(Unknown Source)
	at org.apache.derby.impl.services.monitor.BaseMonitor.startModule(Unknown Source)
	at org.apache.derby.impl.services.monitor.FileMonitor.startModule(Unknown Source)
	at org.apache.derby.iapi.services.monitor.Monitor.bootServiceModule(Unknown Source)
	at org.apache.derby.impl.db.BasicDatabase.bootStore(Unknown Source)
	at org.apache.derby.impl.db.BasicDatabase.boot(Unknown Source)
	at org.apache.derby.impl.services.monitor.BaseMonitor.boot(Unknown Source)
	at org.apache.derby.impl.services.monitor.TopService.bootModule(Unknown Source)
	at org.apache.derby.impl.services.monitor.BaseMonitor.bootService(Unknown Source)
	at org.apache.derby.impl.services.monitor.BaseMonitor.startProviderService(Unknown Source)
	at org.apache.derby.impl.services.monitor.BaseMonitor.findProviderAndStartService(Unknown Source)
	at org.apache.derby.impl.services.monitor.BaseMonitor.startPersistentService(Unknown Source)
	at org.apache.derby.iapi.services.monitor.Monitor.startPersistentService(Unknown Source)
	at org.apache.derby.impl.jdbc.EmbedConnection.bootDatabase(Unknown Source)
	at org.apache.derby.impl.jdbc.EmbedConnection.<init>(Unknown Source)
	at org.apache.derby.jdbc.InternalDriver.getNewEmbedConnection(Unknown Source)
	at org.apache.derby.jdbc.InternalDriver.connect(Unknown Source)
	at org.apache.derby.jdbc.InternalDriver.connect(Unknown Source)
	at org.apache.derby.jdbc.AutoloadedDriver.connect(Unknown Source)
	at java.sql.DriverManager.getConnection(DriverManager.java:664)
	at java.sql.DriverManager.getConnection(DriverManager.java:247)
	at com.ndemyanovskyi.derby.Derby.lambda$connect$29(Derby.java:27)
	at com.ndemyanovskyi.derby.Derby$$Lambda$366/1714535928.get(Unknown Source)
	at com.ndemyanovskyi.throwable.Exceptions.execute(Exceptions.java:52)
	at com.ndemyanovskyi.derby.Derby.connect(Derby.java:24)
	at com.ndemyanovskyi.backend.DataManager.getDatabase(DataManager.java:77)
	at com.ndemyanovskyi.backend.DataManager.getTable(DataManager.java:87)
	at com.ndemyanovskyi.backend.DataManager.getTable(DataManager.java:81)
	at com.ndemyanovskyi.backend.DataManager$RateListLoader.load(DataManager.java:414)
	at com.ndemyanovskyi.backend.DataManager$RateListLoader.load(DataManager.java:371)
	at com.ndemyanovskyi.backend.loader.SimpleLoader.lambda$execute$36(SimpleLoader.java:28)
	at com.ndemyanovskyi.backend.loader.SimpleLoader$$Lambda$365/443280953.run(Unknown Source)
	at java.lang.Thread.run(Thread.java:745)
============= end nested exception, level (1) ===========


-----------  КОНЕЦ СТЕКА ОШИБКИ ЗАВЕРШЕНИЯ РАБОТЫ -------------

----------------------------------------------------------------
Wed Apr 01 23:46:51 EEST 2015:
Завершается работа экземпляра a816c00e-014c-76bc-89e2-000002c04938
Wed Apr 01 23:46:51 EEST 2015 Thread[Thread-7,5,main] Cleanup action starting
java.sql.SQLException: Не удалось запустить базу данных 'assets/db/currency_rates'; смотрите информацию в следующем исключении.
	at org.apache.derby.impl.jdbc.SQLExceptionFactory.getSQLException(Unknown Source)
	at org.apache.derby.impl.jdbc.SQLExceptionFactory.getSQLException(Unknown Source)
	at org.apache.derby.impl.jdbc.Util.seeNextException(Unknown Source)
	at org.apache.derby.impl.jdbc.EmbedConnection.bootDatabase(Unknown Source)
	at org.apache.derby.impl.jdbc.EmbedConnection.<init>(Unknown Source)
	at org.apache.derby.jdbc.InternalDriver.getNewEmbedConnection(Unknown Source)
	at org.apache.derby.jdbc.InternalDriver.connect(Unknown Source)
	at org.apache.derby.jdbc.InternalDriver.connect(Unknown Source)
	at org.apache.derby.jdbc.AutoloadedDriver.connect(Unknown Source)
	at java.sql.DriverManager.getConnection(DriverManager.java:664)
	at java.sql.DriverManager.getConnection(DriverManager.java:247)
	at com.ndemyanovskyi.derby.Derby.lambda$connect$29(Derby.java:27)
	at com.ndemyanovskyi.derby.Derby$$Lambda$366/1714535928.get(Unknown Source)
	at com.ndemyanovskyi.throwable.Exceptions.execute(Exceptions.java:52)
	at com.ndemyanovskyi.derby.Derby.connect(Derby.java:24)
	at com.ndemyanovskyi.backend.DataManager.getDatabase(DataManager.java:77)
	at com.ndemyanovskyi.backend.DataManager.getTable(DataManager.java:87)
	at com.ndemyanovskyi.backend.DataManager.getTable(DataManager.java:81)
	at com.ndemyanovskyi.backend.DataManager$RateListLoader.load(DataManager.java:414)
	at com.ndemyanovskyi.backend.DataManager$RateListLoader.load(DataManager.java:371)
	at com.ndemyanovskyi.backend.loader.SimpleLoader.lambda$execute$36(SimpleLoader.java:28)
	at com.ndemyanovskyi.backend.loader.SimpleLoader$$Lambda$365/443280953.run(Unknown Source)
	at java.lang.Thread.run(Thread.java:745)
Caused by: ERROR XJ040: Не удалось запустить базу данных 'assets/db/currency_rates'; смотрите информацию в следующем исключении.
	at org.apache.derby.iapi.error.StandardException.newException(Unknown Source)
	at org.apache.derby.impl.jdbc.SQLExceptionFactory.wrapArgsForTransportAcrossDRDA(Unknown Source)
	... 23 more
Caused by: ERROR XSDB4: Страница Page(0,Container(0, 1200)) относится к версии 14; файл журнала содержит версию изменений 15; либо отсутствуют записи журнала для данной страницы, либо данная страница не была правильным образом записана на диск.
	at org.apache.derby.iapi.error.StandardException.newException(Unknown Source)
	at org.apache.derby.iapi.error.StandardException.newException(Unknown Source)
	at org.apache.derby.impl.store.raw.data.PageBasicOperation.needsRedo(Unknown Source)
	at org.apache.derby.impl.store.raw.log.FileLogger.redo(Unknown Source)
	at org.apache.derby.impl.store.raw.log.LogToFile.recover(Unknown Source)
	at org.apache.derby.impl.store.raw.RawStore.boot(Unknown Source)
	at org.apache.derby.impl.services.monitor.BaseMonitor.boot(Unknown Source)
	at org.apache.derby.impl.services.monitor.TopService.bootModule(Unknown Source)
	at org.apache.derby.impl.services.monitor.BaseMonitor.startModule(Unknown Source)
	at org.apache.derby.impl.services.monitor.FileMonitor.startModule(Unknown Source)
	at org.apache.derby.iapi.services.monitor.Monitor.bootServiceModule(Unknown Source)
	at org.apache.derby.impl.store.access.RAMAccessManager.boot(Unknown Source)
	at org.apache.derby.impl.services.monitor.BaseMonitor.boot(Unknown Source)
	at org.apache.derby.impl.services.monitor.TopService.bootModule(Unknown Source)
	at org.apache.derby.impl.services.monitor.BaseMonitor.startModule(Unknown Source)
	at org.apache.derby.impl.services.monitor.FileMonitor.startModule(Unknown Source)
	at org.apache.derby.iapi.services.monitor.Monitor.bootServiceModule(Unknown Source)
	at org.apache.derby.impl.db.BasicDatabase.bootStore(Unknown Source)
	at org.apache.derby.impl.db.BasicDatabase.boot(Unknown Source)
	at org.apache.derby.impl.services.monitor.BaseMonitor.boot(Unknown Source)
	at org.apache.derby.impl.services.monitor.TopService.bootModule(Unknown Source)
	at org.apache.derby.impl.services.monitor.BaseMonitor.bootService(Unknown Source)
	at org.apache.derby.impl.services.monitor.BaseMonitor.startProviderService(Unknown Source)
	at org.apache.derby.impl.services.monitor.BaseMonitor.findProviderAndStartService(Unknown Source)
	at org.apache.derby.impl.services.monitor.BaseMonitor.startPersistentService(Unknown Source)
	at org.apache.derby.iapi.services.monitor.Monitor.startPersistentService(Unknown Source)
	... 20 more
============= begin nested exception, level (1) ===========
java.sql.SQLException: Страница Page(0,Container(0, 1200)) относится к версии 14; файл журнала содержит версию изменений 15; либо отсутствуют записи журнала для данной страницы, либо данная страница не была правильным образом записана на диск.
	at org.apache.derby.impl.jdbc.SQLExceptionFactory.getSQLException(Unknown Source)
	at org.apache.derby.impl.jdbc.Util.generateCsSQLException(Unknown Source)
	at org.apache.derby.impl.jdbc.EmbedConnection.bootDatabase(Unknown Source)
	at org.apache.derby.impl.jdbc.EmbedConnection.<init>(Unknown Source)
	at org.apache.derby.jdbc.InternalDriver.getNewEmbedConnection(Unknown Source)
	at org.apache.derby.jdbc.InternalDriver.connect(Unknown Source)
	at org.apache.derby.jdbc.InternalDriver.connect(Unknown Source)
	at org.apache.derby.jdbc.AutoloadedDriver.connect(Unknown Source)
	at java.sql.DriverManager.getConnection(DriverManager.java:664)
	at java.sql.DriverManager.getConnection(DriverManager.java:247)
	at com.ndemyanovskyi.derby.Derby.lambda$connect$29(Derby.java:27)
	at com.ndemyanovskyi.derby.Derby$$Lambda$366/1714535928.get(Unknown Source)
	at com.ndemyanovskyi.throwable.Exceptions.execute(Exceptions.java:52)
	at com.ndemyanovskyi.derby.Derby.connect(Derby.java:24)
	at com.ndemyanovskyi.backend.DataManager.getDatabase(DataManager.java:77)
	at com.ndemyanovskyi.backend.DataManager.getTable(DataManager.java:87)
	at com.ndemyanovskyi.backend.DataManager.getTable(DataManager.java:81)
	at com.ndemyanovskyi.backend.DataManager$RateListLoader.load(DataManager.java:414)
	at com.ndemyanovskyi.backend.DataManager$RateListLoader.load(DataManager.java:371)
	at com.ndemyanovskyi.backend.loader.SimpleLoader.lambda$execute$36(SimpleLoader.java:28)
	at com.ndemyanovskyi.backend.loader.SimpleLoader$$Lambda$365/443280953.run(Unknown Source)
	at java.lang.Thread.run(Thread.java:745)
Caused by: ERROR XSDB4: Страница Page(0,Container(0, 1200)) относится к версии 14; файл журнала содержит версию изменений 15; либо отсутствуют записи журнала для данной страницы, либо данная страница не была правильным образом записана на диск.
	at org.apache.derby.iapi.error.StandardException.newException(Unknown Source)
	at org.apache.derby.iapi.error.StandardException.newException(Unknown Source)
	at org.apache.derby.impl.store.raw.data.PageBasicOperation.needsRedo(Unknown Source)
	at org.apache.derby.impl.store.raw.log.FileLogger.redo(Unknown Source)
	at org.apache.derby.impl.store.raw.log.LogToFile.recover(Unknown Source)
	at org.apache.derby.impl.store.raw.RawStore.boot(Unknown Source)
	at org.apache.derby.impl.services.monitor.BaseMonitor.boot(Unknown Source)
	at org.apache.derby.impl.services.monitor.TopService.bootModule(Unknown Source)
	at org.apache.derby.impl.services.monitor.BaseMonitor.startModule(Unknown Source)
	at org.apache.derby.impl.services.monitor.FileMonitor.startModule(Unknown Source)
	at org.apache.derby.iapi.services.monitor.Monitor.bootServiceModule(Unknown Source)
	at org.apache.derby.impl.store.access.RAMAccessManager.boot(Unknown Source)
	at org.apache.derby.impl.services.monitor.BaseMonitor.boot(Unknown Source)
	at org.apache.derby.impl.services.monitor.TopService.bootModule(Unknown Source)
	at org.apache.derby.impl.services.monitor.BaseMonitor.startModule(Unknown Source)
	at org.apache.derby.impl.services.monitor.FileMonitor.startModule(Unknown Source)
	at org.apache.derby.iapi.services.monitor.Monitor.bootServiceModule(Unknown Source)
	at org.apache.derby.impl.db.BasicDatabase.bootStore(Unknown Source)
	at org.apache.derby.impl.db.BasicDatabase.boot(Unknown Source)
	at org.apache.derby.impl.services.monitor.BaseMonitor.boot(Unknown Source)
	at org.apache.derby.impl.services.monitor.TopService.bootModule(Unknown Source)
	at org.apache.derby.impl.services.monitor.BaseMonitor.bootService(Unknown Source)
	at org.apache.derby.impl.services.monitor.BaseMonitor.startProviderService(Unknown Source)
	at org.apache.derby.impl.services.monitor.BaseMonitor.findProviderAndStartService(Unknown Source)
	at org.apache.derby.impl.services.monitor.BaseMonitor.startPersistentService(Unknown Source)
	at org.apache.derby.iapi.services.monitor.Monitor.startPersistentService(Unknown Source)
	... 20 more
============= end nested exception, level (1) ===========
============= begin nested exception, level (2) ===========
ERROR XSDB4: Страница Page(0,Container(0, 1200)) относится к версии 14; файл журнала содержит версию изменений 15; либо отсутствуют записи журнала для данной страницы, либо данная страница не была правильным образом записана на диск.
	at org.apache.derby.iapi.error.StandardException.newException(Unknown Source)
	at org.apache.derby.iapi.error.StandardException.newException(Unknown Source)
	at org.apache.derby.impl.store.raw.data.PageBasicOperation.needsRedo(Unknown Source)
	at org.apache.derby.impl.store.raw.log.FileLogger.redo(Unknown Source)
	at org.apache.derby.impl.store.raw.log.LogToFile.recover(Unknown Source)
	at org.apache.derby.impl.store.raw.RawStore.boot(Unknown Source)
	at org.apache.derby.impl.services.monitor.BaseMonitor.boot(Unknown Source)
	at org.apache.derby.impl.services.monitor.TopService.bootModule(Unknown Source)
	at org.apache.derby.impl.services.monitor.BaseMonitor.startModule(Unknown Source)
	at org.apache.derby.impl.services.monitor.FileMonitor.startModule(Unknown Source)
	at org.apache.derby.iapi.services.monitor.Monitor.bootServiceModule(Unknown Source)
	at org.apache.derby.impl.store.access.RAMAccessManager.boot(Unknown Source)
	at org.apache.derby.impl.services.monitor.BaseMonitor.boot(Unknown Source)
	at org.apache.derby.impl.services.monitor.TopService.bootModule(Unknown Source)
	at org.apache.derby.impl.services.monitor.BaseMonitor.startModule(Unknown Source)
	at org.apache.derby.impl.services.monitor.FileMonitor.startModule(Unknown Source)
	at org.apache.derby.iapi.services.monitor.Monitor.bootServiceModule(Unknown Source)
	at org.apache.derby.impl.db.BasicDatabase.bootStore(Unknown Source)
	at org.apache.derby.impl.db.BasicDatabase.boot(Unknown Source)
	at org.apache.derby.impl.services.monitor.BaseMonitor.boot(Unknown Source)
	at org.apache.derby.impl.services.monitor.TopService.bootModule(Unknown Source)
	at org.apache.derby.impl.services.monitor.BaseMonitor.bootService(Unknown Source)
	at org.apache.derby.impl.services.monitor.BaseMonitor.startProviderService(Unknown Source)
	at org.apache.derby.impl.services.monitor.BaseMonitor.findProviderAndStartService(Unknown Source)
	at org.apache.derby.impl.services.monitor.BaseMonitor.startPersistentService(Unknown Source)
	at org.apache.derby.iapi.services.monitor.Monitor.startPersistentService(Unknown Source)
	at org.apache.derby.impl.jdbc.EmbedConnection.bootDatabase(Unknown Source)
	at org.apache.derby.impl.jdbc.EmbedConnection.<init>(Unknown Source)
	at org.apache.derby.jdbc.InternalDriver.getNewEmbedConnection(Unknown Source)
	at org.apache.derby.jdbc.InternalDriver.connect(Unknown Source)
	at org.apache.derby.jdbc.InternalDriver.connect(Unknown Source)
	at org.apache.derby.jdbc.AutoloadedDriver.connect(Unknown Source)
	at java.sql.DriverManager.getConnection(DriverManager.java:664)
	at java.sql.DriverManager.getConnection(DriverManager.java:247)
	at com.ndemyanovskyi.derby.Derby.lambda$connect$29(Derby.java:27)
	at com.ndemyanovskyi.derby.Derby$$Lambda$366/1714535928.get(Unknown Source)
	at com.ndemyanovskyi.throwable.Exceptions.execute(Exceptions.java:52)
	at com.ndemyanovskyi.derby.Derby.connect(Derby.java:24)
	at com.ndemyanovskyi.backend.DataManager.getDatabase(DataManager.java:77)
	at com.ndemyanovskyi.backend.DataManager.getTable(DataManager.java:87)
	at com.ndemyanovskyi.backend.DataManager.getTable(DataManager.java:81)
	at com.ndemyanovskyi.backend.DataManager$RateListLoader.load(DataManager.java:414)
	at com.ndemyanovskyi.backend.DataManager$RateListLoader.load(DataManager.java:371)
	at com.ndemyanovskyi.backend.loader.SimpleLoader.lambda$execute$36(SimpleLoader.java:28)
	at com.ndemyanovskyi.backend.loader.SimpleLoader$$Lambda$365/443280953.run(Unknown Source)
	at java.lang.Thread.run(Thread.java:745)
============= end nested exception, level (2) ===========
Cleanup action completed
----------------------------------------------------------------
Wed Apr 01 23:46:51 EEST 2015:
 Производится загрузка Derby версии The Apache Software Foundation - Apache Derby - 10.11.1.1 - (1616546): экземпляр 601a400f-014c-76bc-89e2-000002c04938
в каталоге базы данных D:\Development\Java\CurrencyViewer\assets\db\currency_rates sun.misc.Launcher$AppClassLoader@55f96302 

java.vendor=Oracle Corporation
java.runtime.version=1.8.0_25-b18
user.dir=D:\Development\Java\CurrencyViewer
os.name=Windows 8.1
os.arch=amd64
os.version=6.3
derby.system.home=null

-----------  НАЧАЛО СТЕКА ОШИБКИ ЗАВЕРШЕНИЯ РАБОТЫ ------------

ERROR XSLA7: Невозможно повторить операцию null в журнале.
	at org.apache.derby.iapi.error.StandardException.newException(Unknown Source)
	at org.apache.derby.impl.store.raw.log.FileLogger.redo(Unknown Source)
	at org.apache.derby.impl.store.raw.log.LogToFile.recover(Unknown Source)
	at org.apache.derby.impl.store.raw.RawStore.boot(Unknown Source)
	at org.apache.derby.impl.services.monitor.BaseMonitor.boot(Unknown Source)
	at org.apache.derby.impl.services.monitor.TopService.bootModule(Unknown Source)
	at org.apache.derby.impl.services.monitor.BaseMonitor.startModule(Unknown Source)
	at org.apache.derby.impl.services.monitor.FileMonitor.startModule(Unknown Source)
	at org.apache.derby.iapi.services.monitor.Monitor.bootServiceModule(Unknown Source)
	at org.apache.derby.impl.store.access.RAMAccessManager.boot(Unknown Source)
	at org.apache.derby.impl.services.monitor.BaseMonitor.boot(Unknown Source)
	at org.apache.derby.impl.services.monitor.TopService.bootModule(Unknown Source)
	at org.apache.derby.impl.services.monitor.BaseMonitor.startModule(Unknown Source)
	at org.apache.derby.impl.services.monitor.FileMonitor.startModule(Unknown Source)
	at org.apache.derby.iapi.services.monitor.Monitor.bootServiceModule(Unknown Source)
	at org.apache.derby.impl.db.BasicDatabase.bootStore(Unknown Source)
	at org.apache.derby.impl.db.BasicDatabase.boot(Unknown Source)
	at org.apache.derby.impl.services.monitor.BaseMonitor.boot(Unknown Source)
	at org.apache.derby.impl.services.monitor.TopService.bootModule(Unknown Source)
	at org.apache.derby.impl.services.monitor.BaseMonitor.bootService(Unknown Source)
	at org.apache.derby.impl.services.monitor.BaseMonitor.startProviderService(Unknown Source)
	at org.apache.derby.impl.services.monitor.BaseMonitor.findProviderAndStartService(Unknown Source)
	at org.apache.derby.impl.services.monitor.BaseMonitor.startPersistentService(Unknown Source)
	at org.apache.derby.iapi.services.monitor.Monitor.startPersistentService(Unknown Source)
	at org.apache.derby.impl.jdbc.EmbedConnection.bootDatabase(Unknown Source)
	at org.apache.derby.impl.jdbc.EmbedConnection.<init>(Unknown Source)
	at org.apache.derby.jdbc.InternalDriver.getNewEmbedConnection(Unknown Source)
	at org.apache.derby.jdbc.InternalDriver.connect(Unknown Source)
	at org.apache.derby.jdbc.InternalDriver.connect(Unknown Source)
	at org.apache.derby.jdbc.EmbeddedDriver.connect(Unknown Source)
	at java.sql.DriverManager.getConnection(DriverManager.java:664)
	at java.sql.DriverManager.getConnection(DriverManager.java:247)
	at com.ndemyanovskyi.derby.Derby.lambda$connect$29(Derby.java:27)
	at com.ndemyanovskyi.derby.Derby$$Lambda$366/1714535928.get(Unknown Source)
	at com.ndemyanovskyi.throwable.Exceptions.execute(Exceptions.java:52)
	at com.ndemyanovskyi.derby.Derby.connect(Derby.java:24)
	at com.ndemyanovskyi.backend.DataManager.getDatabase(DataManager.java:77)
	at com.ndemyanovskyi.backend.DataManager.getTable(DataManager.java:87)
	at com.ndemyanovskyi.backend.DataManager.getTable(DataManager.java:81)
	at com.ndemyanovskyi.backend.DataManager$RateListLoader.load(DataManager.java:414)
	at com.ndemyanovskyi.backend.DataManager$RateListLoader.load(DataManager.java:371)
	at com.ndemyanovskyi.backend.loader.SimpleLoader.lambda$execute$36(SimpleLoader.java:28)
	at com.ndemyanovskyi.backend.loader.SimpleLoader$$Lambda$365/443280953.run(Unknown Source)
	at java.lang.Thread.run(Thread.java:745)
Caused by: ERROR XSDB4: Страница Page(0,Container(0, 1200)) относится к версии 14; файл журнала содержит версию изменений 15; либо отсутствуют записи журнала для данной страницы, либо данная страница не была правильным образом записана на диск.
	at org.apache.derby.iapi.error.StandardException.newException(Unknown Source)
	at org.apache.derby.iapi.error.StandardException.newException(Unknown Source)
	at org.apache.derby.impl.store.raw.data.PageBasicOperation.needsRedo(Unknown Source)
	... 43 more
============= begin nested exception, level (1) ===========
ERROR XSDB4: Страница Page(0,Container(0, 1200)) относится к версии 14; файл журнала содержит версию изменений 15; либо отсутствуют записи журнала для данной страницы, либо данная страница не была правильным образом записана на диск.
	at org.apache.derby.iapi.error.StandardException.newException(Unknown Source)
	at org.apache.derby.iapi.error.StandardException.newException(Unknown Source)
	at org.apache.derby.impl.store.raw.data.PageBasicOperation.needsRedo(Unknown Source)
	at org.apache.derby.impl.store.raw.log.FileLogger.redo(Unknown Source)
	at org.apache.derby.impl.store.raw.log.LogToFile.recover(Unknown Source)
	at org.apache.derby.impl.store.raw.RawStore.boot(Unknown Source)
	at org.apache.derby.impl.services.monitor.BaseMonitor.boot(Unknown Source)
	at org.apache.derby.impl.services.monitor.TopService.bootModule(Unknown Source)
	at org.apache.derby.impl.services.monitor.BaseMonitor.startModule(Unknown Source)
	at org.apache.derby.impl.services.monitor.FileMonitor.startModule(Unknown Source)
	at org.apache.derby.iapi.services.monitor.Monitor.bootServiceModule(Unknown Source)
	at org.apache.derby.impl.store.access.RAMAccessManager.boot(Unknown Source)
	at org.apache.derby.impl.services.monitor.BaseMonitor.boot(Unknown Source)
	at org.apache.derby.impl.services.monitor.TopService.bootModule(Unknown Source)
	at org.apache.derby.impl.services.monitor.BaseMonitor.startModule(Unknown Source)
	at org.apache.derby.impl.services.monitor.FileMonitor.startModule(Unknown Source)
	at org.apache.derby.iapi.services.monitor.Monitor.bootServiceModule(Unknown Source)
	at org.apache.derby.impl.db.BasicDatabase.bootStore(Unknown Source)
	at org.apache.derby.impl.db.BasicDatabase.boot(Unknown Source)
	at org.apache.derby.impl.services.monitor.BaseMonitor.boot(Unknown Source)
	at org.apache.derby.impl.services.monitor.TopService.bootModule(Unknown Source)
	at org.apache.derby.impl.services.monitor.BaseMonitor.bootService(Unknown Source)
	at org.apache.derby.impl.services.monitor.BaseMonitor.startProviderService(Unknown Source)
	at org.apache.derby.impl.services.monitor.BaseMonitor.findProviderAndStartService(Unknown Source)
	at org.apache.derby.impl.services.monitor.BaseMonitor.startPersistentService(Unknown Source)
	at org.apache.derby.iapi.services.monitor.Monitor.startPersistentService(Unknown Source)
	at org.apache.derby.impl.jdbc.EmbedConnection.bootDatabase(Unknown Source)
	at org.apache.derby.impl.jdbc.EmbedConnection.<init>(Unknown Source)
	at org.apache.derby.jdbc.InternalDriver.getNewEmbedConnection(Unknown Source)
	at org.apache.derby.jdbc.InternalDriver.connect(Unknown Source)
	at org.apache.derby.jdbc.InternalDriver.connect(Unknown Source)
	at org.apache.derby.jdbc.EmbeddedDriver.connect(Unknown Source)
	at java.sql.DriverManager.getConnection(DriverManager.java:664)
	at java.sql.DriverManager.getConnection(DriverManager.java:247)
	at com.ndemyanovskyi.derby.Derby.lambda$connect$29(Derby.java:27)
	at com.ndemyanovskyi.derby.Derby$$Lambda$366/1714535928.get(Unknown Source)
	at com.ndemyanovskyi.throwable.Exceptions.execute(Exceptions.java:52)
	at com.ndemyanovskyi.derby.Derby.connect(Derby.java:24)
	at com.ndemyanovskyi.backend.DataManager.getDatabase(DataManager.java:77)
	at com.ndemyanovskyi.backend.DataManager.getTable(DataManager.java:87)
	at com.ndemyanovskyi.backend.DataManager.getTable(DataManager.java:81)
	at com.ndemyanovskyi.backend.DataManager$RateListLoader.load(DataManager.java:414)
	at com.ndemyanovskyi.backend.DataManager$RateListLoader.load(DataManager.java:371)
	at com.ndemyanovskyi.backend.loader.SimpleLoader.lambda$execute$36(SimpleLoader.java:28)
	at com.ndemyanovskyi.backend.loader.SimpleLoader$$Lambda$365/443280953.run(Unknown Source)
	at java.lang.Thread.run(Thread.java:745)
============= end nested exception, level (1) ===========


-----------  КОНЕЦ СТЕКА ОШИБКИ ЗАВЕРШЕНИЯ РАБОТЫ -------------

----------------------------------------------------------------
Wed Apr 01 23:46:51 EEST 2015:
Завершается работа экземпляра 601a400f-014c-76bc-89e2-000002c04938
Wed Apr 01 23:46:51 EEST 2015 Thread[Thread-7,5,main] Cleanup action starting
java.sql.SQLException: Не удалось запустить базу данных 'assets/db/currency_rates'; смотрите информацию в следующем исключении.
	at org.apache.derby.impl.jdbc.SQLExceptionFactory.getSQLException(Unknown Source)
	at org.apache.derby.impl.jdbc.SQLExceptionFactory.getSQLException(Unknown Source)
	at org.apache.derby.impl.jdbc.Util.seeNextException(Unknown Source)
	at org.apache.derby.impl.jdbc.EmbedConnection.bootDatabase(Unknown Source)
	at org.apache.derby.impl.jdbc.EmbedConnection.<init>(Unknown Source)
	at org.apache.derby.jdbc.InternalDriver.getNewEmbedConnection(Unknown Source)
	at org.apache.derby.jdbc.InternalDriver.connect(Unknown Source)
	at org.apache.derby.jdbc.InternalDriver.connect(Unknown Source)
	at org.apache.derby.jdbc.EmbeddedDriver.connect(Unknown Source)
	at java.sql.DriverManager.getConnection(DriverManager.java:664)
	at java.sql.DriverManager.getConnection(DriverManager.java:247)
	at com.ndemyanovskyi.derby.Derby.lambda$connect$29(Derby.java:27)
	at com.ndemyanovskyi.derby.Derby$$Lambda$366/1714535928.get(Unknown Source)
	at com.ndemyanovskyi.throwable.Exceptions.execute(Exceptions.java:52)
	at com.ndemyanovskyi.derby.Derby.connect(Derby.java:24)
	at com.ndemyanovskyi.backend.DataManager.getDatabase(DataManager.java:77)
	at com.ndemyanovskyi.backend.DataManager.getTable(DataManager.java:87)
	at com.ndemyanovskyi.backend.DataManager.getTable(DataManager.java:81)
	at com.ndemyanovskyi.backend.DataManager$RateListLoader.load(DataManager.java:414)
	at com.ndemyanovskyi.backend.DataManager$RateListLoader.load(DataManager.java:371)
	at com.ndemyanovskyi.backend.loader.SimpleLoader.lambda$execute$36(SimpleLoader.java:28)
	at com.ndemyanovskyi.backend.loader.SimpleLoader$$Lambda$365/443280953.run(Unknown Source)
	at java.lang.Thread.run(Thread.java:745)
Caused by: ERROR XJ040: Не удалось запустить базу данных 'assets/db/currency_rates'; смотрите информацию в следующем исключении.
	at org.apache.derby.iapi.error.StandardException.newException(Unknown Source)
	at org.apache.derby.impl.jdbc.SQLExceptionFactory.wrapArgsForTransportAcrossDRDA(Unknown Source)
	... 23 more
Caused by: ERROR XSDB4: Страница Page(0,Container(0, 1200)) относится к версии 14; файл журнала содержит версию изменений 15; либо отсутствуют записи журнала для данной страницы, либо данная страница не была правильным образом записана на диск.
	at org.apache.derby.iapi.error.StandardException.newException(Unknown Source)
	at org.apache.derby.iapi.error.StandardException.newException(Unknown Source)
	at org.apache.derby.impl.store.raw.data.PageBasicOperation.needsRedo(Unknown Source)
	at org.apache.derby.impl.store.raw.log.FileLogger.redo(Unknown Source)
	at org.apache.derby.impl.store.raw.log.LogToFile.recover(Unknown Source)
	at org.apache.derby.impl.store.raw.RawStore.boot(Unknown Source)
	at org.apache.derby.impl.services.monitor.BaseMonitor.boot(Unknown Source)
	at org.apache.derby.impl.services.monitor.TopService.bootModule(Unknown Source)
	at org.apache.derby.impl.services.monitor.BaseMonitor.startModule(Unknown Source)
	at org.apache.derby.impl.services.monitor.FileMonitor.startModule(Unknown Source)
	at org.apache.derby.iapi.services.monitor.Monitor.bootServiceModule(Unknown Source)
	at org.apache.derby.impl.store.access.RAMAccessManager.boot(Unknown Source)
	at org.apache.derby.impl.services.monitor.BaseMonitor.boot(Unknown Source)
	at org.apache.derby.impl.services.monitor.TopService.bootModule(Unknown Source)
	at org.apache.derby.impl.services.monitor.BaseMonitor.startModule(Unknown Source)
	at org.apache.derby.impl.services.monitor.FileMonitor.startModule(Unknown Source)
	at org.apache.derby.iapi.services.monitor.Monitor.bootServiceModule(Unknown Source)
	at org.apache.derby.impl.db.BasicDatabase.bootStore(Unknown Source)
	at org.apache.derby.impl.db.BasicDatabase.boot(Unknown Source)
	at org.apache.derby.impl.services.monitor.BaseMonitor.boot(Unknown Source)
	at org.apache.derby.impl.services.monitor.TopService.bootModule(Unknown Source)
	at org.apache.derby.impl.services.monitor.BaseMonitor.bootService(Unknown Source)
	at org.apache.derby.impl.services.monitor.BaseMonitor.startProviderService(Unknown Source)
	at org.apache.derby.impl.services.monitor.BaseMonitor.findProviderAndStartService(Unknown Source)
	at org.apache.derby.impl.services.monitor.BaseMonitor.startPersistentService(Unknown Source)
	at org.apache.derby.iapi.services.monitor.Monitor.startPersistentService(Unknown Source)
	... 20 more
============= begin nested exception, level (1) ===========
java.sql.SQLException: Страница Page(0,Container(0, 1200)) относится к версии 14; файл журнала содержит версию изменений 15; либо отсутствуют записи журнала для данной страницы, либо данная страница не была правильным образом записана на диск.
	at org.apache.derby.impl.jdbc.SQLExceptionFactory.getSQLException(Unknown Source)
	at org.apache.derby.impl.jdbc.Util.generateCsSQLException(Unknown Source)
	at org.apache.derby.impl.jdbc.EmbedConnection.bootDatabase(Unknown Source)
	at org.apache.derby.impl.jdbc.EmbedConnection.<init>(Unknown Source)
	at org.apache.derby.jdbc.InternalDriver.getNewEmbedConnection(Unknown Source)
	at org.apache.derby.jdbc.InternalDriver.connect(Unknown Source)
	at org.apache.derby.jdbc.InternalDriver.connect(Unknown Source)
	at org.apache.derby.jdbc.EmbeddedDriver.connect(Unknown Source)
	at java.sql.DriverManager.getConnection(DriverManager.java:664)
	at java.sql.DriverManager.getConnection(DriverManager.java:247)
	at com.ndemyanovskyi.derby.Derby.lambda$connect$29(Derby.java:27)
	at com.ndemyanovskyi.derby.Derby$$Lambda$366/1714535928.get(Unknown Source)
	at com.ndemyanovskyi.throwable.Exceptions.execute(Exceptions.java:52)
	at com.ndemyanovskyi.derby.Derby.connect(Derby.java:24)
	at com.ndemyanovskyi.backend.DataManager.getDatabase(DataManager.java:77)
	at com.ndemyanovskyi.backend.DataManager.getTable(DataManager.java:87)
	at com.ndemyanovskyi.backend.DataManager.getTable(DataManager.java:81)
	at com.ndemyanovskyi.backend.DataManager$RateListLoader.load(DataManager.java:414)
	at com.ndemyanovskyi.backend.DataManager$RateListLoader.load(DataManager.java:371)
	at com.ndemyanovskyi.backend.loader.SimpleLoader.lambda$execute$36(SimpleLoader.java:28)
	at com.ndemyanovskyi.backend.loader.SimpleLoader$$Lambda$365/443280953.run(Unknown Source)
	at java.lang.Thread.run(Thread.java:745)
Caused by: ERROR XSDB4: Страница Page(0,Container(0, 1200)) относится к версии 14; файл журнала содержит версию изменений 15; либо отсутствуют записи журнала для данной страницы, либо данная страница не была правильным образом записана на диск.
	at org.apache.derby.iapi.error.StandardException.newException(Unknown Source)
	at org.apache.derby.iapi.error.StandardException.newException(Unknown Source)
	at org.apache.derby.impl.store.raw.data.PageBasicOperation.needsRedo(Unknown Source)
	at org.apache.derby.impl.store.raw.log.FileLogger.redo(Unknown Source)
	at org.apache.derby.impl.store.raw.log.LogToFile.recover(Unknown Source)
	at org.apache.derby.impl.store.raw.RawStore.boot(Unknown Source)
	at org.apache.derby.impl.services.monitor.BaseMonitor.boot(Unknown Source)
	at org.apache.derby.impl.services.monitor.TopService.bootModule(Unknown Source)
	at org.apache.derby.impl.services.monitor.BaseMonitor.startModule(Unknown Source)
	at org.apache.derby.impl.services.monitor.FileMonitor.startModule(Unknown Source)
	at org.apache.derby.iapi.services.monitor.Monitor.bootServiceModule(Unknown Source)
	at org.apache.derby.impl.store.access.RAMAccessManager.boot(Unknown Source)
	at org.apache.derby.impl.services.monitor.BaseMonitor.boot(Unknown Source)
	at org.apache.derby.impl.services.monitor.TopService.bootModule(Unknown Source)
	at org.apache.derby.impl.services.monitor.BaseMonitor.startModule(Unknown Source)
	at org.apache.derby.impl.services.monitor.FileMonitor.startModule(Unknown Source)
	at org.apache.derby.iapi.services.monitor.Monitor.bootServiceModule(Unknown Source)
	at org.apache.derby.impl.db.BasicDatabase.bootStore(Unknown Source)
	at org.apache.derby.impl.db.BasicDatabase.boot(Unknown Source)
	at org.apache.derby.impl.services.monitor.BaseMonitor.boot(Unknown Source)
	at org.apache.derby.impl.services.monitor.TopService.bootModule(Unknown Source)
	at org.apache.derby.impl.services.monitor.BaseMonitor.bootService(Unknown Source)
	at org.apache.derby.impl.services.monitor.BaseMonitor.startProviderService(Unknown Source)
	at org.apache.derby.impl.services.monitor.BaseMonitor.findProviderAndStartService(Unknown Source)
	at org.apache.derby.impl.services.monitor.BaseMonitor.startPersistentService(Unknown Source)
	at org.apache.derby.iapi.services.monitor.Monitor.startPersistentService(Unknown Source)
	... 20 more
============= end nested exception, level (1) ===========
============= begin nested exception, level (2) ===========
ERROR XSDB4: Страница Page(0,Container(0, 1200)) относится к версии 14; файл журнала содержит версию изменений 15; либо отсутствуют записи журнала для данной страницы, либо данная страница не была правильным образом записана на диск.
	at org.apache.derby.iapi.error.StandardException.newException(Unknown Source)
	at org.apache.derby.iapi.error.StandardException.newException(Unknown Source)
	at org.apache.derby.impl.store.raw.data.PageBasicOperation.needsRedo(Unknown Source)
	at org.apache.derby.impl.store.raw.log.FileLogger.redo(Unknown Source)
	at org.apache.derby.impl.store.raw.log.LogToFile.recover(Unknown Source)
	at org.apache.derby.impl.store.raw.RawStore.boot(Unknown Source)
	at org.apache.derby.impl.services.monitor.BaseMonitor.boot(Unknown Source)
	at org.apache.derby.impl.services.monitor.TopService.bootModule(Unknown Source)
	at org.apache.derby.impl.services.monitor.BaseMonitor.startModule(Unknown Source)
	at org.apache.derby.impl.services.monitor.FileMonitor.startModule(Unknown Source)
	at org.apache.derby.iapi.services.monitor.Monitor.bootServiceModule(Unknown Source)
	at org.apache.derby.impl.store.access.RAMAccessManager.boot(Unknown Source)
	at org.apache.derby.impl.services.monitor.BaseMonitor.boot(Unknown Source)
	at org.apache.derby.impl.services.monitor.TopService.bootModule(Unknown Source)
	at org.apache.derby.impl.services.monitor.BaseMonitor.startModule(Unknown Source)
	at org.apache.derby.impl.services.monitor.FileMonitor.startModule(Unknown Source)
	at org.apache.derby.iapi.services.monitor.Monitor.bootServiceModule(Unknown Source)
	at org.apache.derby.impl.db.BasicDatabase.bootStore(Unknown Source)
	at org.apache.derby.impl.db.BasicDatabase.boot(Unknown Source)
	at org.apache.derby.impl.services.monitor.BaseMonitor.boot(Unknown Source)
	at org.apache.derby.impl.services.monitor.TopService.bootModule(Unknown Source)
	at org.apache.derby.impl.services.monitor.BaseMonitor.bootService(Unknown Source)
	at org.apache.derby.impl.services.monitor.BaseMonitor.startProviderService(Unknown Source)
	at org.apache.derby.impl.services.monitor.BaseMonitor.findProviderAndStartService(Unknown Source)
	at org.apache.derby.impl.services.monitor.BaseMonitor.startPersistentService(Unknown Source)
	at org.apache.derby.iapi.services.monitor.Monitor.startPersistentService(Unknown Source)
	at org.apache.derby.impl.jdbc.EmbedConnection.bootDatabase(Unknown Source)
	at org.apache.derby.impl.jdbc.EmbedConnection.<init>(Unknown Source)
	at org.apache.derby.jdbc.InternalDriver.getNewEmbedConnection(Unknown Source)
	at org.apache.derby.jdbc.InternalDriver.connect(Unknown Source)
	at org.apache.derby.jdbc.InternalDriver.connect(Unknown Source)
	at org.apache.derby.jdbc.EmbeddedDriver.connect(Unknown Source)
	at java.sql.DriverManager.getConnection(DriverManager.java:664)
	at java.sql.DriverManager.getConnection(DriverManager.java:247)
	at com.ndemyanovskyi.derby.Derby.lambda$connect$29(Derby.java:27)
	at com.ndemyanovskyi.derby.Derby$$Lambda$366/1714535928.get(Unknown Source)
	at com.ndemyanovskyi.throwable.Exceptions.execute(Exceptions.java:52)
	at com.ndemyanovskyi.derby.Derby.connect(Derby.java:24)
	at com.ndemyanovskyi.backend.DataManager.getDatabase(DataManager.java:77)
	at com.ndemyanovskyi.backend.DataManager.getTable(DataManager.java:87)
	at com.ndemyanovskyi.backend.DataManager.getTable(DataManager.java:81)
	at com.ndemyanovskyi.backend.DataManager$RateListLoader.load(DataManager.java:414)
	at com.ndemyanovskyi.backend.DataManager$RateListLoader.load(DataManager.java:371)
	at com.ndemyanovskyi.backend.loader.SimpleLoader.lambda$execute$36(SimpleLoader.java:28)
	at com.ndemyanovskyi.backend.loader.SimpleLoader$$Lambda$365/443280953.run(Unknown Source)
	at java.lang.Thread.run(Thread.java:745)
============= end nested exception, level (2) ===========
Cleanup action completed
----------------------------------------------------------------
Wed Apr 01 23:47:06 EEST 2015:
 Производится загрузка Derby версии The Apache Software Foundation - Apache Derby - 10.11.1.1 - (1616546): экземпляр f81e0010-014c-76bc-89e2-000002c04938
в каталоге базы данных D:\Development\Java\CurrencyViewer\assets\db\currency_rates sun.misc.Launcher$AppClassLoader@55f96302 

java.vendor=Oracle Corporation
java.runtime.version=1.8.0_25-b18
user.dir=D:\Development\Java\CurrencyViewer
os.name=Windows 8.1
os.arch=amd64
os.version=6.3
derby.system.home=null

-----------  НАЧАЛО СТЕКА ОШИБКИ ЗАВЕРШЕНИЯ РАБОТЫ ------------

ERROR XSLA7: Невозможно повторить операцию null в журнале.
	at org.apache.derby.iapi.error.StandardException.newException(Unknown Source)
	at org.apache.derby.impl.store.raw.log.FileLogger.redo(Unknown Source)
	at org.apache.derby.impl.store.raw.log.LogToFile.recover(Unknown Source)
	at org.apache.derby.impl.store.raw.RawStore.boot(Unknown Source)
	at org.apache.derby.impl.services.monitor.BaseMonitor.boot(Unknown Source)
	at org.apache.derby.impl.services.monitor.TopService.bootModule(Unknown Source)
	at org.apache.derby.impl.services.monitor.BaseMonitor.startModule(Unknown Source)
	at org.apache.derby.impl.services.monitor.FileMonitor.startModule(Unknown Source)
	at org.apache.derby.iapi.services.monitor.Monitor.bootServiceModule(Unknown Source)
	at org.apache.derby.impl.store.access.RAMAccessManager.boot(Unknown Source)
	at org.apache.derby.impl.services.monitor.BaseMonitor.boot(Unknown Source)
	at org.apache.derby.impl.services.monitor.TopService.bootModule(Unknown Source)
	at org.apache.derby.impl.services.monitor.BaseMonitor.startModule(Unknown Source)
	at org.apache.derby.impl.services.monitor.FileMonitor.startModule(Unknown Source)
	at org.apache.derby.iapi.services.monitor.Monitor.bootServiceModule(Unknown Source)
	at org.apache.derby.impl.db.BasicDatabase.bootStore(Unknown Source)
	at org.apache.derby.impl.db.BasicDatabase.boot(Unknown Source)
	at org.apache.derby.impl.services.monitor.BaseMonitor.boot(Unknown Source)
	at org.apache.derby.impl.services.monitor.TopService.bootModule(Unknown Source)
	at org.apache.derby.impl.services.monitor.BaseMonitor.bootService(Unknown Source)
	at org.apache.derby.impl.services.monitor.BaseMonitor.startProviderService(Unknown Source)
	at org.apache.derby.impl.services.monitor.BaseMonitor.findProviderAndStartService(Unknown Source)
	at org.apache.derby.impl.services.monitor.BaseMonitor.startPersistentService(Unknown Source)
	at org.apache.derby.iapi.services.monitor.Monitor.startPersistentService(Unknown Source)
	at org.apache.derby.impl.jdbc.EmbedConnection.bootDatabase(Unknown Source)
	at org.apache.derby.impl.jdbc.EmbedConnection.<init>(Unknown Source)
	at org.apache.derby.jdbc.InternalDriver.getNewEmbedConnection(Unknown Source)
	at org.apache.derby.jdbc.InternalDriver.connect(Unknown Source)
	at org.apache.derby.jdbc.InternalDriver.connect(Unknown Source)
	at org.apache.derby.jdbc.AutoloadedDriver.connect(Unknown Source)
	at java.sql.DriverManager.getConnection(DriverManager.java:664)
	at java.sql.DriverManager.getConnection(DriverManager.java:247)
	at com.ndemyanovskyi.derby.Derby.lambda$connect$29(Derby.java:27)
	at com.ndemyanovskyi.derby.Derby$$Lambda$366/1714535928.get(Unknown Source)
	at com.ndemyanovskyi.throwable.Exceptions.execute(Exceptions.java:52)
	at com.ndemyanovskyi.derby.Derby.connect(Derby.java:24)
	at com.ndemyanovskyi.backend.DataManager.getDatabase(DataManager.java:77)
	at com.ndemyanovskyi.backend.DataManager.getTable(DataManager.java:87)
	at com.ndemyanovskyi.backend.DataManager.getTable(DataManager.java:81)
	at com.ndemyanovskyi.backend.DataManager$RateListLoader.load(DataManager.java:414)
	at com.ndemyanovskyi.backend.DataManager$RateListLoader.load(DataManager.java:371)
	at com.ndemyanovskyi.backend.loader.SimpleLoader.lambda$execute$36(SimpleLoader.java:28)
	at com.ndemyanovskyi.backend.loader.SimpleLoader$$Lambda$365/443280953.run(Unknown Source)
	at java.lang.Thread.run(Thread.java:745)
Caused by: ERROR XSDB4: Страница Page(0,Container(0, 1200)) относится к версии 14; файл журнала содержит версию изменений 15; либо отсутствуют записи журнала для данной страницы, либо данная страница не была правильным образом записана на диск.
	at org.apache.derby.iapi.error.StandardException.newException(Unknown Source)
	at org.apache.derby.iapi.error.StandardException.newException(Unknown Source)
	at org.apache.derby.impl.store.raw.data.PageBasicOperation.needsRedo(Unknown Source)
	... 43 more
============= begin nested exception, level (1) ===========
ERROR XSDB4: Страница Page(0,Container(0, 1200)) относится к версии 14; файл журнала содержит версию изменений 15; либо отсутствуют записи журнала для данной страницы, либо данная страница не была правильным образом записана на диск.
	at org.apache.derby.iapi.error.StandardException.newException(Unknown Source)
	at org.apache.derby.iapi.error.StandardException.newException(Unknown Source)
	at org.apache.derby.impl.store.raw.data.PageBasicOperation.needsRedo(Unknown Source)
	at org.apache.derby.impl.store.raw.log.FileLogger.redo(Unknown Source)
	at org.apache.derby.impl.store.raw.log.LogToFile.recover(Unknown Source)
	at org.apache.derby.impl.store.raw.RawStore.boot(Unknown Source)
	at org.apache.derby.impl.services.monitor.BaseMonitor.boot(Unknown Source)
	at org.apache.derby.impl.services.monitor.TopService.bootModule(Unknown Source)
	at org.apache.derby.impl.services.monitor.BaseMonitor.startModule(Unknown Source)
	at org.apache.derby.impl.services.monitor.FileMonitor.startModule(Unknown Source)
	at org.apache.derby.iapi.services.monitor.Monitor.bootServiceModule(Unknown Source)
	at org.apache.derby.impl.store.access.RAMAccessManager.boot(Unknown Source)
	at org.apache.derby.impl.services.monitor.BaseMonitor.boot(Unknown Source)
	at org.apache.derby.impl.services.monitor.TopService.bootModule(Unknown Source)
	at org.apache.derby.impl.services.monitor.BaseMonitor.startModule(Unknown Source)
	at org.apache.derby.impl.services.monitor.FileMonitor.startModule(Unknown Source)
	at org.apache.derby.iapi.services.monitor.Monitor.bootServiceModule(Unknown Source)
	at org.apache.derby.impl.db.BasicDatabase.bootStore(Unknown Source)
	at org.apache.derby.impl.db.BasicDatabase.boot(Unknown Source)
	at org.apache.derby.impl.services.monitor.BaseMonitor.boot(Unknown Source)
	at org.apache.derby.impl.services.monitor.TopService.bootModule(Unknown Source)
	at org.apache.derby.impl.services.monitor.BaseMonitor.bootService(Unknown Source)
	at org.apache.derby.impl.services.monitor.BaseMonitor.startProviderService(Unknown Source)
	at org.apache.derby.impl.services.monitor.BaseMonitor.findProviderAndStartService(Unknown Source)
	at org.apache.derby.impl.services.monitor.BaseMonitor.startPersistentService(Unknown Source)
	at org.apache.derby.iapi.services.monitor.Monitor.startPersistentService(Unknown Source)
	at org.apache.derby.impl.jdbc.EmbedConnection.bootDatabase(Unknown Source)
	at org.apache.derby.impl.jdbc.EmbedConnection.<init>(Unknown Source)
	at org.apache.derby.jdbc.InternalDriver.getNewEmbedConnection(Unknown Source)
	at org.apache.derby.jdbc.InternalDriver.connect(Unknown Source)
	at org.apache.derby.jdbc.InternalDriver.connect(Unknown Source)
	at org.apache.derby.jdbc.AutoloadedDriver.connect(Unknown Source)
	at java.sql.DriverManager.getConnection(DriverManager.java:664)
	at java.sql.DriverManager.getConnection(DriverManager.java:247)
	at com.ndemyanovskyi.derby.Derby.lambda$connect$29(Derby.java:27)
	at com.ndemyanovskyi.derby.Derby$$Lambda$366/1714535928.get(Unknown Source)
	at com.ndemyanovskyi.throwable.Exceptions.execute(Exceptions.java:52)
	at com.ndemyanovskyi.derby.Derby.connect(Derby.java:24)
	at com.ndemyanovskyi.backend.DataManager.getDatabase(DataManager.java:77)
	at com.ndemyanovskyi.backend.DataManager.getTable(DataManager.java:87)
	at com.ndemyanovskyi.backend.DataManager.getTable(DataManager.java:81)
	at com.ndemyanovskyi.backend.DataManager$RateListLoader.load(DataManager.java:414)
	at com.ndemyanovskyi.backend.DataManager$RateListLoader.load(DataManager.java:371)
	at com.ndemyanovskyi.backend.loader.SimpleLoader.lambda$execute$36(SimpleLoader.java:28)
	at com.ndemyanovskyi.backend.loader.SimpleLoader$$Lambda$365/443280953.run(Unknown Source)
	at java.lang.Thread.run(Thread.java:745)
============= end nested exception, level (1) ===========


-----------  КОНЕЦ СТЕКА ОШИБКИ ЗАВЕРШЕНИЯ РАБОТЫ -------------

----------------------------------------------------------------
Wed Apr 01 23:47:06 EEST 2015:
Завершается работа экземпляра f81e0010-014c-76bc-89e2-000002c04938
Wed Apr 01 23:47:06 EEST 2015 Thread[Thread-9,5,main] Cleanup action starting
java.sql.SQLException: Не удалось запустить базу данных 'assets/db/currency_rates'; смотрите информацию в следующем исключении.
	at org.apache.derby.impl.jdbc.SQLExceptionFactory.getSQLException(Unknown Source)
	at org.apache.derby.impl.jdbc.SQLExceptionFactory.getSQLException(Unknown Source)
	at org.apache.derby.impl.jdbc.Util.seeNextException(Unknown Source)
	at org.apache.derby.impl.jdbc.EmbedConnection.bootDatabase(Unknown Source)
	at org.apache.derby.impl.jdbc.EmbedConnection.<init>(Unknown Source)
	at org.apache.derby.jdbc.InternalDriver.getNewEmbedConnection(Unknown Source)
	at org.apache.derby.jdbc.InternalDriver.connect(Unknown Source)
	at org.apache.derby.jdbc.InternalDriver.connect(Unknown Source)
	at org.apache.derby.jdbc.AutoloadedDriver.connect(Unknown Source)
	at java.sql.DriverManager.getConnection(DriverManager.java:664)
	at java.sql.DriverManager.getConnection(DriverManager.java:247)
	at com.ndemyanovskyi.derby.Derby.lambda$connect$29(Derby.java:27)
	at com.ndemyanovskyi.derby.Derby$$Lambda$366/1714535928.get(Unknown Source)
	at com.ndemyanovskyi.throwable.Exceptions.execute(Exceptions.java:52)
	at com.ndemyanovskyi.derby.Derby.connect(Derby.java:24)
	at com.ndemyanovskyi.backend.DataManager.getDatabase(DataManager.java:77)
	at com.ndemyanovskyi.backend.DataManager.getTable(DataManager.java:87)
	at com.ndemyanovskyi.backend.DataManager.getTable(DataManager.java:81)
	at com.ndemyanovskyi.backend.DataManager$RateListLoader.load(DataManager.java:414)
	at com.ndemyanovskyi.backend.DataManager$RateListLoader.load(DataManager.java:371)
	at com.ndemyanovskyi.backend.loader.SimpleLoader.lambda$execute$36(SimpleLoader.java:28)
	at com.ndemyanovskyi.backend.loader.SimpleLoader$$Lambda$365/443280953.run(Unknown Source)
	at java.lang.Thread.run(Thread.java:745)
Caused by: ERROR XJ040: Не удалось запустить базу данных 'assets/db/currency_rates'; смотрите информацию в следующем исключении.
	at org.apache.derby.iapi.error.StandardException.newException(Unknown Source)
	at org.apache.derby.impl.jdbc.SQLExceptionFactory.wrapArgsForTransportAcrossDRDA(Unknown Source)
	... 23 more
Caused by: ERROR XSDB4: Страница Page(0,Container(0, 1200)) относится к версии 14; файл журнала содержит версию изменений 15; либо отсутствуют записи журнала для данной страницы, либо данная страница не была правильным образом записана на диск.
	at org.apache.derby.iapi.error.StandardException.newException(Unknown Source)
	at org.apache.derby.iapi.error.StandardException.newException(Unknown Source)
	at org.apache.derby.impl.store.raw.data.PageBasicOperation.needsRedo(Unknown Source)
	at org.apache.derby.impl.store.raw.log.FileLogger.redo(Unknown Source)
	at org.apache.derby.impl.store.raw.log.LogToFile.recover(Unknown Source)
	at org.apache.derby.impl.store.raw.RawStore.boot(Unknown Source)
	at org.apache.derby.impl.services.monitor.BaseMonitor.boot(Unknown Source)
	at org.apache.derby.impl.services.monitor.TopService.bootModule(Unknown Source)
	at org.apache.derby.impl.services.monitor.BaseMonitor.startModule(Unknown Source)
	at org.apache.derby.impl.services.monitor.FileMonitor.startModule(Unknown Source)
	at org.apache.derby.iapi.services.monitor.Monitor.bootServiceModule(Unknown Source)
	at org.apache.derby.impl.store.access.RAMAccessManager.boot(Unknown Source)
	at org.apache.derby.impl.services.monitor.BaseMonitor.boot(Unknown Source)
	at org.apache.derby.impl.services.monitor.TopService.bootModule(Unknown Source)
	at org.apache.derby.impl.services.monitor.BaseMonitor.startModule(Unknown Source)
	at org.apache.derby.impl.services.monitor.FileMonitor.startModule(Unknown Source)
	at org.apache.derby.iapi.services.monitor.Monitor.bootServiceModule(Unknown Source)
	at org.apache.derby.impl.db.BasicDatabase.bootStore(Unknown Source)
	at org.apache.derby.impl.db.BasicDatabase.boot(Unknown Source)
	at org.apache.derby.impl.services.monitor.BaseMonitor.boot(Unknown Source)
	at org.apache.derby.impl.services.monitor.TopService.bootModule(Unknown Source)
	at org.apache.derby.impl.services.monitor.BaseMonitor.bootService(Unknown Source)
	at org.apache.derby.impl.services.monitor.BaseMonitor.startProviderService(Unknown Source)
	at org.apache.derby.impl.services.monitor.BaseMonitor.findProviderAndStartService(Unknown Source)
	at org.apache.derby.impl.services.monitor.BaseMonitor.startPersistentService(Unknown Source)
	at org.apache.derby.iapi.services.monitor.Monitor.startPersistentService(Unknown Source)
	... 20 more
============= begin nested exception, level (1) ===========
java.sql.SQLException: Страница Page(0,Container(0, 1200)) относится к версии 14; файл журнала содержит версию изменений 15; либо отсутствуют записи журнала для данной страницы, либо данная страница не была правильным образом записана на диск.
	at org.apache.derby.impl.jdbc.SQLExceptionFactory.getSQLException(Unknown Source)
	at org.apache.derby.impl.jdbc.Util.generateCsSQLException(Unknown Source)
	at org.apache.derby.impl.jdbc.EmbedConnection.bootDatabase(Unknown Source)
	at org.apache.derby.impl.jdbc.EmbedConnection.<init>(Unknown Source)
	at org.apache.derby.jdbc.InternalDriver.getNewEmbedConnection(Unknown Source)
	at org.apache.derby.jdbc.InternalDriver.connect(Unknown Source)
	at org.apache.derby.jdbc.InternalDriver.connect(Unknown Source)
	at org.apache.derby.jdbc.AutoloadedDriver.connect(Unknown Source)
	at java.sql.DriverManager.getConnection(DriverManager.java:664)
	at java.sql.DriverManager.getConnection(DriverManager.java:247)
	at com.ndemyanovskyi.derby.Derby.lambda$connect$29(Derby.java:27)
	at com.ndemyanovskyi.derby.Derby$$Lambda$366/1714535928.get(Unknown Source)
	at com.ndemyanovskyi.throwable.Exceptions.execute(Exceptions.java:52)
	at com.ndemyanovskyi.derby.Derby.connect(Derby.java:24)
	at com.ndemyanovskyi.backend.DataManager.getDatabase(DataManager.java:77)
	at com.ndemyanovskyi.backend.DataManager.getTable(DataManager.java:87)
	at com.ndemyanovskyi.backend.DataManager.getTable(DataManager.java:81)
	at com.ndemyanovskyi.backend.DataManager$RateListLoader.load(DataManager.java:414)
	at com.ndemyanovskyi.backend.DataManager$RateListLoader.load(DataManager.java:371)
	at com.ndemyanovskyi.backend.loader.SimpleLoader.lambda$execute$36(SimpleLoader.java:28)
	at com.ndemyanovskyi.backend.loader.SimpleLoader$$Lambda$365/443280953.run(Unknown Source)
	at java.lang.Thread.run(Thread.java:745)
Caused by: ERROR XSDB4: Страница Page(0,Container(0, 1200)) относится к версии 14; файл журнала содержит версию изменений 15; либо отсутствуют записи журнала для данной страницы, либо данная страница не была правильным образом записана на диск.
	at org.apache.derby.iapi.error.StandardException.newException(Unknown Source)
	at org.apache.derby.iapi.error.StandardException.newException(Unknown Source)
	at org.apache.derby.impl.store.raw.data.PageBasicOperation.needsRedo(Unknown Source)
	at org.apache.derby.impl.store.raw.log.FileLogger.redo(Unknown Source)
	at org.apache.derby.impl.store.raw.log.LogToFile.recover(Unknown Source)
	at org.apache.derby.impl.store.raw.RawStore.boot(Unknown Source)
	at org.apache.derby.impl.services.monitor.BaseMonitor.boot(Unknown Source)
	at org.apache.derby.impl.services.monitor.TopService.bootModule(Unknown Source)
	at org.apache.derby.impl.services.monitor.BaseMonitor.startModule(Unknown Source)
	at org.apache.derby.impl.services.monitor.FileMonitor.startModule(Unknown Source)
	at org.apache.derby.iapi.services.monitor.Monitor.bootServiceModule(Unknown Source)
	at org.apache.derby.impl.store.access.RAMAccessManager.boot(Unknown Source)
	at org.apache.derby.impl.services.monitor.BaseMonitor.boot(Unknown Source)
	at org.apache.derby.impl.services.monitor.TopService.bootModule(Unknown Source)
	at org.apache.derby.impl.services.monitor.BaseMonitor.startModule(Unknown Source)
	at org.apache.derby.impl.services.monitor.FileMonitor.startModule(Unknown Source)
	at org.apache.derby.iapi.services.monitor.Monitor.bootServiceModule(Unknown Source)
	at org.apache.derby.impl.db.BasicDatabase.bootStore(Unknown Source)
	at org.apache.derby.impl.db.BasicDatabase.boot(Unknown Source)
	at org.apache.derby.impl.services.monitor.BaseMonitor.boot(Unknown Source)
	at org.apache.derby.impl.services.monitor.TopService.bootModule(Unknown Source)
	at org.apache.derby.impl.services.monitor.BaseMonitor.bootService(Unknown Source)
	at org.apache.derby.impl.services.monitor.BaseMonitor.startProviderService(Unknown Source)
	at org.apache.derby.impl.services.monitor.BaseMonitor.findProviderAndStartService(Unknown Source)
	at org.apache.derby.impl.services.monitor.BaseMonitor.startPersistentService(Unknown Source)
	at org.apache.derby.iapi.services.monitor.Monitor.startPersistentService(Unknown Source)
	... 20 more
============= end nested exception, level (1) ===========
============= begin nested exception, level (2) ===========
ERROR XSDB4: Страница Page(0,Container(0, 1200)) относится к версии 14; файл журнала содержит версию изменений 15; либо отсутствуют записи журнала для данной страницы, либо данная страница не была правильным образом записана на диск.
	at org.apache.derby.iapi.error.StandardException.newException(Unknown Source)
	at org.apache.derby.iapi.error.StandardException.newException(Unknown Source)
	at org.apache.derby.impl.store.raw.data.PageBasicOperation.needsRedo(Unknown Source)
	at org.apache.derby.impl.store.raw.log.FileLogger.redo(Unknown Source)
	at org.apache.derby.impl.store.raw.log.LogToFile.recover(Unknown Source)
	at org.apache.derby.impl.store.raw.RawStore.boot(Unknown Source)
	at org.apache.derby.impl.services.monitor.BaseMonitor.boot(Unknown Source)
	at org.apache.derby.impl.services.monitor.TopService.bootModule(Unknown Source)
	at org.apache.derby.impl.services.monitor.BaseMonitor.startModule(Unknown Source)
	at org.apache.derby.impl.services.monitor.FileMonitor.startModule(Unknown Source)
	at org.apache.derby.iapi.services.monitor.Monitor.bootServiceModule(Unknown Source)
	at org.apache.derby.impl.store.access.RAMAccessManager.boot(Unknown Source)
	at org.apache.derby.impl.services.monitor.BaseMonitor.boot(Unknown Source)
	at org.apache.derby.impl.services.monitor.TopService.bootModule(Unknown Source)
	at org.apache.derby.impl.services.monitor.BaseMonitor.startModule(Unknown Source)
	at org.apache.derby.impl.services.monitor.FileMonitor.startModule(Unknown Source)
	at org.apache.derby.iapi.services.monitor.Monitor.bootServiceModule(Unknown Source)
	at org.apache.derby.impl.db.BasicDatabase.bootStore(Unknown Source)
	at org.apache.derby.impl.db.BasicDatabase.boot(Unknown Source)
	at org.apache.derby.impl.services.monitor.BaseMonitor.boot(Unknown Source)
	at org.apache.derby.impl.services.monitor.TopService.bootModule(Unknown Source)
	at org.apache.derby.impl.services.monitor.BaseMonitor.bootService(Unknown Source)
	at org.apache.derby.impl.services.monitor.BaseMonitor.startProviderService(Unknown Source)
	at org.apache.derby.impl.services.monitor.BaseMonitor.findProviderAndStartService(Unknown Source)
	at org.apache.derby.impl.services.monitor.BaseMonitor.startPersistentService(Unknown Source)
	at org.apache.derby.iapi.services.monitor.Monitor.startPersistentService(Unknown Source)
	at org.apache.derby.impl.jdbc.EmbedConnection.bootDatabase(Unknown Source)
	at org.apache.derby.impl.jdbc.EmbedConnection.<init>(Unknown Source)
	at org.apache.derby.jdbc.InternalDriver.getNewEmbedConnection(Unknown Source)
	at org.apache.derby.jdbc.InternalDriver.connect(Unknown Source)
	at org.apache.derby.jdbc.InternalDriver.connect(Unknown Source)
	at org.apache.derby.jdbc.AutoloadedDriver.connect(Unknown Source)
	at java.sql.DriverManager.getConnection(DriverManager.java:664)
	at java.sql.DriverManager.getConnection(DriverManager.java:247)
	at com.ndemyanovskyi.derby.Derby.lambda$connect$29(Derby.java:27)
	at com.ndemyanovskyi.derby.Derby$$Lambda$366/1714535928.get(Unknown Source)
	at com.ndemyanovskyi.throwable.Exceptions.execute(Exceptions.java:52)
	at com.ndemyanovskyi.derby.Derby.connect(Derby.java:24)
	at com.ndemyanovskyi.backend.DataManager.getDatabase(DataManager.java:77)
	at com.ndemyanovskyi.backend.DataManager.getTable(DataManager.java:87)
	at com.ndemyanovskyi.backend.DataManager.getTable(DataManager.java:81)
	at com.ndemyanovskyi.backend.DataManager$RateListLoader.load(DataManager.java:414)
	at com.ndemyanovskyi.backend.DataManager$RateListLoader.load(DataManager.java:371)
	at com.ndemyanovskyi.backend.loader.SimpleLoader.lambda$execute$36(SimpleLoader.java:28)
	at com.ndemyanovskyi.backend.loader.SimpleLoader$$Lambda$365/443280953.run(Unknown Source)
	at java.lang.Thread.run(Thread.java:745)
============= end nested exception, level (2) ===========
Cleanup action completed
----------------------------------------------------------------
Wed Apr 01 23:47:06 EEST 2015:
 Производится загрузка Derby версии The Apache Software Foundation - Apache Derby - 10.11.1.1 - (1616546): экземпляр 80220011-014c-76bc-89e2-000002c04938
в каталоге базы данных D:\Development\Java\CurrencyViewer\assets\db\currency_rates sun.misc.Launcher$AppClassLoader@55f96302 

java.vendor=Oracle Corporation
java.runtime.version=1.8.0_25-b18
user.dir=D:\Development\Java\CurrencyViewer
os.name=Windows 8.1
os.arch=amd64
os.version=6.3
derby.system.home=null

-----------  НАЧАЛО СТЕКА ОШИБКИ ЗАВЕРШЕНИЯ РАБОТЫ ------------

ERROR XSLA7: Невозможно повторить операцию null в журнале.
	at org.apache.derby.iapi.error.StandardException.newException(Unknown Source)
	at org.apache.derby.impl.store.raw.log.FileLogger.redo(Unknown Source)
	at org.apache.derby.impl.store.raw.log.LogToFile.recover(Unknown Source)
	at org.apache.derby.impl.store.raw.RawStore.boot(Unknown Source)
	at org.apache.derby.impl.services.monitor.BaseMonitor.boot(Unknown Source)
	at org.apache.derby.impl.services.monitor.TopService.bootModule(Unknown Source)
	at org.apache.derby.impl.services.monitor.BaseMonitor.startModule(Unknown Source)
	at org.apache.derby.impl.services.monitor.FileMonitor.startModule(Unknown Source)
	at org.apache.derby.iapi.services.monitor.Monitor.bootServiceModule(Unknown Source)
	at org.apache.derby.impl.store.access.RAMAccessManager.boot(Unknown Source)
	at org.apache.derby.impl.services.monitor.BaseMonitor.boot(Unknown Source)
	at org.apache.derby.impl.services.monitor.TopService.bootModule(Unknown Source)
	at org.apache.derby.impl.services.monitor.BaseMonitor.startModule(Unknown Source)
	at org.apache.derby.impl.services.monitor.FileMonitor.startModule(Unknown Source)
	at org.apache.derby.iapi.services.monitor.Monitor.bootServiceModule(Unknown Source)
	at org.apache.derby.impl.db.BasicDatabase.bootStore(Unknown Source)
	at org.apache.derby.impl.db.BasicDatabase.boot(Unknown Source)
	at org.apache.derby.impl.services.monitor.BaseMonitor.boot(Unknown Source)
	at org.apache.derby.impl.services.monitor.TopService.bootModule(Unknown Source)
	at org.apache.derby.impl.services.monitor.BaseMonitor.bootService(Unknown Source)
	at org.apache.derby.impl.services.monitor.BaseMonitor.startProviderService(Unknown Source)
	at org.apache.derby.impl.services.monitor.BaseMonitor.findProviderAndStartService(Unknown Source)
	at org.apache.derby.impl.services.monitor.BaseMonitor.startPersistentService(Unknown Source)
	at org.apache.derby.iapi.services.monitor.Monitor.startPersistentService(Unknown Source)
	at org.apache.derby.impl.jdbc.EmbedConnection.bootDatabase(Unknown Source)
	at org.apache.derby.impl.jdbc.EmbedConnection.<init>(Unknown Source)
	at org.apache.derby.jdbc.InternalDriver.getNewEmbedConnection(Unknown Source)
	at org.apache.derby.jdbc.InternalDriver.connect(Unknown Source)
	at org.apache.derby.jdbc.InternalDriver.connect(Unknown Source)
	at org.apache.derby.jdbc.EmbeddedDriver.connect(Unknown Source)
	at java.sql.DriverManager.getConnection(DriverManager.java:664)
	at java.sql.DriverManager.getConnection(DriverManager.java:247)
	at com.ndemyanovskyi.derby.Derby.lambda$connect$29(Derby.java:27)
	at com.ndemyanovskyi.derby.Derby$$Lambda$366/1714535928.get(Unknown Source)
	at com.ndemyanovskyi.throwable.Exceptions.execute(Exceptions.java:52)
	at com.ndemyanovskyi.derby.Derby.connect(Derby.java:24)
	at com.ndemyanovskyi.backend.DataManager.getDatabase(DataManager.java:77)
	at com.ndemyanovskyi.backend.DataManager.getTable(DataManager.java:87)
	at com.ndemyanovskyi.backend.DataManager.getTable(DataManager.java:81)
	at com.ndemyanovskyi.backend.DataManager$RateListLoader.load(DataManager.java:414)
	at com.ndemyanovskyi.backend.DataManager$RateListLoader.load(DataManager.java:371)
	at com.ndemyanovskyi.backend.loader.SimpleLoader.lambda$execute$36(SimpleLoader.java:28)
	at com.ndemyanovskyi.backend.loader.SimpleLoader$$Lambda$365/443280953.run(Unknown Source)
	at java.lang.Thread.run(Thread.java:745)
Caused by: ERROR XSDB4: Страница Page(0,Container(0, 1200)) относится к версии 14; файл журнала содержит версию изменений 15; либо отсутствуют записи журнала для данной страницы, либо данная страница не была правильным образом записана на диск.
	at org.apache.derby.iapi.error.StandardException.newException(Unknown Source)
	at org.apache.derby.iapi.error.StandardException.newException(Unknown Source)
	at org.apache.derby.impl.store.raw.data.PageBasicOperation.needsRedo(Unknown Source)
	... 43 more
============= begin nested exception, level (1) ===========
ERROR XSDB4: Страница Page(0,Container(0, 1200)) относится к версии 14; файл журнала содержит версию изменений 15; либо отсутствуют записи журнала для данной страницы, либо данная страница не была правильным образом записана на диск.
	at org.apache.derby.iapi.error.StandardException.newException(Unknown Source)
	at org.apache.derby.iapi.error.StandardException.newException(Unknown Source)
	at org.apache.derby.impl.store.raw.data.PageBasicOperation.needsRedo(Unknown Source)
	at org.apache.derby.impl.store.raw.log.FileLogger.redo(Unknown Source)
	at org.apache.derby.impl.store.raw.log.LogToFile.recover(Unknown Source)
	at org.apache.derby.impl.store.raw.RawStore.boot(Unknown Source)
	at org.apache.derby.impl.services.monitor.BaseMonitor.boot(Unknown Source)
	at org.apache.derby.impl.services.monitor.TopService.bootModule(Unknown Source)
	at org.apache.derby.impl.services.monitor.BaseMonitor.startModule(Unknown Source)
	at org.apache.derby.impl.services.monitor.FileMonitor.startModule(Unknown Source)
	at org.apache.derby.iapi.services.monitor.Monitor.bootServiceModule(Unknown Source)
	at org.apache.derby.impl.store.access.RAMAccessManager.boot(Unknown Source)
	at org.apache.derby.impl.services.monitor.BaseMonitor.boot(Unknown Source)
	at org.apache.derby.impl.services.monitor.TopService.bootModule(Unknown Source)
	at org.apache.derby.impl.services.monitor.BaseMonitor.startModule(Unknown Source)
	at org.apache.derby.impl.services.monitor.FileMonitor.startModule(Unknown Source)
	at org.apache.derby.iapi.services.monitor.Monitor.bootServiceModule(Unknown Source)
	at org.apache.derby.impl.db.BasicDatabase.bootStore(Unknown Source)
	at org.apache.derby.impl.db.BasicDatabase.boot(Unknown Source)
	at org.apache.derby.impl.services.monitor.BaseMonitor.boot(Unknown Source)
	at org.apache.derby.impl.services.monitor.TopService.bootModule(Unknown Source)
	at org.apache.derby.impl.services.monitor.BaseMonitor.bootService(Unknown Source)
	at org.apache.derby.impl.services.monitor.BaseMonitor.startProviderService(Unknown Source)
	at org.apache.derby.impl.services.monitor.BaseMonitor.findProviderAndStartService(Unknown Source)
	at org.apache.derby.impl.services.monitor.BaseMonitor.startPersistentService(Unknown Source)
	at org.apache.derby.iapi.services.monitor.Monitor.startPersistentService(Unknown Source)
	at org.apache.derby.impl.jdbc.EmbedConnection.bootDatabase(Unknown Source)
	at org.apache.derby.impl.jdbc.EmbedConnection.<init>(Unknown Source)
	at org.apache.derby.jdbc.InternalDriver.getNewEmbedConnection(Unknown Source)
	at org.apache.derby.jdbc.InternalDriver.connect(Unknown Source)
	at org.apache.derby.jdbc.InternalDriver.connect(Unknown Source)
	at org.apache.derby.jdbc.EmbeddedDriver.connect(Unknown Source)
	at java.sql.DriverManager.getConnection(DriverManager.java:664)
	at java.sql.DriverManager.getConnection(DriverManager.java:247)
	at com.ndemyanovskyi.derby.Derby.lambda$connect$29(Derby.java:27)
	at com.ndemyanovskyi.derby.Derby$$Lambda$366/1714535928.get(Unknown Source)
	at com.ndemyanovskyi.throwable.Exceptions.execute(Exceptions.java:52)
	at com.ndemyanovskyi.derby.Derby.connect(Derby.java:24)
	at com.ndemyanovskyi.backend.DataManager.getDatabase(DataManager.java:77)
	at com.ndemyanovskyi.backend.DataManager.getTable(DataManager.java:87)
	at com.ndemyanovskyi.backend.DataManager.getTable(DataManager.java:81)
	at com.ndemyanovskyi.backend.DataManager$RateListLoader.load(DataManager.java:414)
	at com.ndemyanovskyi.backend.DataManager$RateListLoader.load(DataManager.java:371)
	at com.ndemyanovskyi.backend.loader.SimpleLoader.lambda$execute$36(SimpleLoader.java:28)
	at com.ndemyanovskyi.backend.loader.SimpleLoader$$Lambda$365/443280953.run(Unknown Source)
	at java.lang.Thread.run(Thread.java:745)
============= end nested exception, level (1) ===========


-----------  КОНЕЦ СТЕКА ОШИБКИ ЗАВЕРШЕНИЯ РАБОТЫ -------------

----------------------------------------------------------------
Wed Apr 01 23:47:06 EEST 2015:
Завершается работа экземпляра 80220011-014c-76bc-89e2-000002c04938
Wed Apr 01 23:47:06 EEST 2015 Thread[Thread-9,5,main] Cleanup action starting
java.sql.SQLException: Не удалось запустить базу данных 'assets/db/currency_rates'; смотрите информацию в следующем исключении.
	at org.apache.derby.impl.jdbc.SQLExceptionFactory.getSQLException(Unknown Source)
	at org.apache.derby.impl.jdbc.SQLExceptionFactory.getSQLException(Unknown Source)
	at org.apache.derby.impl.jdbc.Util.seeNextException(Unknown Source)
	at org.apache.derby.impl.jdbc.EmbedConnection.bootDatabase(Unknown Source)
	at org.apache.derby.impl.jdbc.EmbedConnection.<init>(Unknown Source)
	at org.apache.derby.jdbc.InternalDriver.getNewEmbedConnection(Unknown Source)
	at org.apache.derby.jdbc.InternalDriver.connect(Unknown Source)
	at org.apache.derby.jdbc.InternalDriver.connect(Unknown Source)
	at org.apache.derby.jdbc.EmbeddedDriver.connect(Unknown Source)
	at java.sql.DriverManager.getConnection(DriverManager.java:664)
	at java.sql.DriverManager.getConnection(DriverManager.java:247)
	at com.ndemyanovskyi.derby.Derby.lambda$connect$29(Derby.java:27)
	at com.ndemyanovskyi.derby.Derby$$Lambda$366/1714535928.get(Unknown Source)
	at com.ndemyanovskyi.throwable.Exceptions.execute(Exceptions.java:52)
	at com.ndemyanovskyi.derby.Derby.connect(Derby.java:24)
	at com.ndemyanovskyi.backend.DataManager.getDatabase(DataManager.java:77)
	at com.ndemyanovskyi.backend.DataManager.getTable(DataManager.java:87)
	at com.ndemyanovskyi.backend.DataManager.getTable(DataManager.java:81)
	at com.ndemyanovskyi.backend.DataManager$RateListLoader.load(DataManager.java:414)
	at com.ndemyanovskyi.backend.DataManager$RateListLoader.load(DataManager.java:371)
	at com.ndemyanovskyi.backend.loader.SimpleLoader.lambda$execute$36(SimpleLoader.java:28)
	at com.ndemyanovskyi.backend.loader.SimpleLoader$$Lambda$365/443280953.run(Unknown Source)
	at java.lang.Thread.run(Thread.java:745)
Caused by: ERROR XJ040: Не удалось запустить базу данных 'assets/db/currency_rates'; смотрите информацию в следующем исключении.
	at org.apache.derby.iapi.error.StandardException.newException(Unknown Source)
	at org.apache.derby.impl.jdbc.SQLExceptionFactory.wrapArgsForTransportAcrossDRDA(Unknown Source)
	... 23 more
Caused by: ERROR XSDB4: Страница Page(0,Container(0, 1200)) относится к версии 14; файл журнала содержит версию изменений 15; либо отсутствуют записи журнала для данной страницы, либо данная страница не была правильным образом записана на диск.
	at org.apache.derby.iapi.error.StandardException.newException(Unknown Source)
	at org.apache.derby.iapi.error.StandardException.newException(Unknown Source)
	at org.apache.derby.impl.store.raw.data.PageBasicOperation.needsRedo(Unknown Source)
	at org.apache.derby.impl.store.raw.log.FileLogger.redo(Unknown Source)
	at org.apache.derby.impl.store.raw.log.LogToFile.recover(Unknown Source)
	at org.apache.derby.impl.store.raw.RawStore.boot(Unknown Source)
	at org.apache.derby.impl.services.monitor.BaseMonitor.boot(Unknown Source)
	at org.apache.derby.impl.services.monitor.TopService.bootModule(Unknown Source)
	at org.apache.derby.impl.services.monitor.BaseMonitor.startModule(Unknown Source)
	at org.apache.derby.impl.services.monitor.FileMonitor.startModule(Unknown Source)
	at org.apache.derby.iapi.services.monitor.Monitor.bootServiceModule(Unknown Source)
	at org.apache.derby.impl.store.access.RAMAccessManager.boot(Unknown Source)
	at org.apache.derby.impl.services.monitor.BaseMonitor.boot(Unknown Source)
	at org.apache.derby.impl.services.monitor.TopService.bootModule(Unknown Source)
	at org.apache.derby.impl.services.monitor.BaseMonitor.startModule(Unknown Source)
	at org.apache.derby.impl.services.monitor.FileMonitor.startModule(Unknown Source)
	at org.apache.derby.iapi.services.monitor.Monitor.bootServiceModule(Unknown Source)
	at org.apache.derby.impl.db.BasicDatabase.bootStore(Unknown Source)
	at org.apache.derby.impl.db.BasicDatabase.boot(Unknown Source)
	at org.apache.derby.impl.services.monitor.BaseMonitor.boot(Unknown Source)
	at org.apache.derby.impl.services.monitor.TopService.bootModule(Unknown Source)
	at org.apache.derby.impl.services.monitor.BaseMonitor.bootService(Unknown Source)
	at org.apache.derby.impl.services.monitor.BaseMonitor.startProviderService(Unknown Source)
	at org.apache.derby.impl.services.monitor.BaseMonitor.findProviderAndStartService(Unknown Source)
	at org.apache.derby.impl.services.monitor.BaseMonitor.startPersistentService(Unknown Source)
	at org.apache.derby.iapi.services.monitor.Monitor.startPersistentService(Unknown Source)
	... 20 more
============= begin nested exception, level (1) ===========
java.sql.SQLException: Страница Page(0,Container(0, 1200)) относится к версии 14; файл журнала содержит версию изменений 15; либо отсутствуют записи журнала для данной страницы, либо данная страница не была правильным образом записана на диск.
	at org.apache.derby.impl.jdbc.SQLExceptionFactory.getSQLException(Unknown Source)
	at org.apache.derby.impl.jdbc.Util.generateCsSQLException(Unknown Source)
	at org.apache.derby.impl.jdbc.EmbedConnection.bootDatabase(Unknown Source)
	at org.apache.derby.impl.jdbc.EmbedConnection.<init>(Unknown Source)
	at org.apache.derby.jdbc.InternalDriver.getNewEmbedConnection(Unknown Source)
	at org.apache.derby.jdbc.InternalDriver.connect(Unknown Source)
	at org.apache.derby.jdbc.InternalDriver.connect(Unknown Source)
	at org.apache.derby.jdbc.EmbeddedDriver.connect(Unknown Source)
	at java.sql.DriverManager.getConnection(DriverManager.java:664)
	at java.sql.DriverManager.getConnection(DriverManager.java:247)
	at com.ndemyanovskyi.derby.Derby.lambda$connect$29(Derby.java:27)
	at com.ndemyanovskyi.derby.Derby$$Lambda$366/1714535928.get(Unknown Source)
	at com.ndemyanovskyi.throwable.Exceptions.execute(Exceptions.java:52)
	at com.ndemyanovskyi.derby.Derby.connect(Derby.java:24)
	at com.ndemyanovskyi.backend.DataManager.getDatabase(DataManager.java:77)
	at com.ndemyanovskyi.backend.DataManager.getTable(DataManager.java:87)
	at com.ndemyanovskyi.backend.DataManager.getTable(DataManager.java:81)
	at com.ndemyanovskyi.backend.DataManager$RateListLoader.load(DataManager.java:414)
	at com.ndemyanovskyi.backend.DataManager$RateListLoader.load(DataManager.java:371)
	at com.ndemyanovskyi.backend.loader.SimpleLoader.lambda$execute$36(SimpleLoader.java:28)
	at com.ndemyanovskyi.backend.loader.SimpleLoader$$Lambda$365/443280953.run(Unknown Source)
	at java.lang.Thread.run(Thread.java:745)
Caused by: ERROR XSDB4: Страница Page(0,Container(0, 1200)) относится к версии 14; файл журнала содержит версию изменений 15; либо отсутствуют записи журнала для данной страницы, либо данная страница не была правильным образом записана на диск.
	at org.apache.derby.iapi.error.StandardException.newException(Unknown Source)
	at org.apache.derby.iapi.error.StandardException.newException(Unknown Source)
	at org.apache.derby.impl.store.raw.data.PageBasicOperation.needsRedo(Unknown Source)
	at org.apache.derby.impl.store.raw.log.FileLogger.redo(Unknown Source)
	at org.apache.derby.impl.store.raw.log.LogToFile.recover(Unknown Source)
	at org.apache.derby.impl.store.raw.RawStore.boot(Unknown Source)
	at org.apache.derby.impl.services.monitor.BaseMonitor.boot(Unknown Source)
	at org.apache.derby.impl.services.monitor.TopService.bootModule(Unknown Source)
	at org.apache.derby.impl.services.monitor.BaseMonitor.startModule(Unknown Source)
	at org.apache.derby.impl.services.monitor.FileMonitor.startModule(Unknown Source)
	at org.apache.derby.iapi.services.monitor.Monitor.bootServiceModule(Unknown Source)
	at org.apache.derby.impl.store.access.RAMAccessManager.boot(Unknown Source)
	at org.apache.derby.impl.services.monitor.BaseMonitor.boot(Unknown Source)
	at org.apache.derby.impl.services.monitor.TopService.bootModule(Unknown Source)
	at org.apache.derby.impl.services.monitor.BaseMonitor.startModule(Unknown Source)
	at org.apache.derby.impl.services.monitor.FileMonitor.startModule(Unknown Source)
	at org.apache.derby.iapi.services.monitor.Monitor.bootServiceModule(Unknown Source)
	at org.apache.derby.impl.db.BasicDatabase.bootStore(Unknown Source)
	at org.apache.derby.impl.db.BasicDatabase.boot(Unknown Source)
	at org.apache.derby.impl.services.monitor.BaseMonitor.boot(Unknown Source)
	at org.apache.derby.impl.services.monitor.TopService.bootModule(Unknown Source)
	at org.apache.derby.impl.services.monitor.BaseMonitor.bootService(Unknown Source)
	at org.apache.derby.impl.services.monitor.BaseMonitor.startProviderService(Unknown Source)
	at org.apache.derby.impl.services.monitor.BaseMonitor.findProviderAndStartService(Unknown Source)
	at org.apache.derby.impl.services.monitor.BaseMonitor.startPersistentService(Unknown Source)
	at org.apache.derby.iapi.services.monitor.Monitor.startPersistentService(Unknown Source)
	... 20 more
============= end nested exception, level (1) ===========
============= begin nested exception, level (2) ===========
ERROR XSDB4: Страница Page(0,Container(0, 1200)) относится к версии 14; файл журнала содержит версию изменений 15; либо отсутствуют записи журнала для данной страницы, либо данная страница не была правильным образом записана на диск.
	at org.apache.derby.iapi.error.StandardException.newException(Unknown Source)
	at org.apache.derby.iapi.error.StandardException.newException(Unknown Source)
	at org.apache.derby.impl.store.raw.data.PageBasicOperation.needsRedo(Unknown Source)
	at org.apache.derby.impl.store.raw.log.FileLogger.redo(Unknown Source)
	at org.apache.derby.impl.store.raw.log.LogToFile.recover(Unknown Source)
	at org.apache.derby.impl.store.raw.RawStore.boot(Unknown Source)
	at org.apache.derby.impl.services.monitor.BaseMonitor.boot(Unknown Source)
	at org.apache.derby.impl.services.monitor.TopService.bootModule(Unknown Source)
	at org.apache.derby.impl.services.monitor.BaseMonitor.startModule(Unknown Source)
	at org.apache.derby.impl.services.monitor.FileMonitor.startModule(Unknown Source)
	at org.apache.derby.iapi.services.monitor.Monitor.bootServiceModule(Unknown Source)
	at org.apache.derby.impl.store.access.RAMAccessManager.boot(Unknown Source)
	at org.apache.derby.impl.services.monitor.BaseMonitor.boot(Unknown Source)
	at org.apache.derby.impl.services.monitor.TopService.bootModule(Unknown Source)
	at org.apache.derby.impl.services.monitor.BaseMonitor.startModule(Unknown Source)
	at org.apache.derby.impl.services.monitor.FileMonitor.startModule(Unknown Source)
	at org.apache.derby.iapi.services.monitor.Monitor.bootServiceModule(Unknown Source)
	at org.apache.derby.impl.db.BasicDatabase.bootStore(Unknown Source)
	at org.apache.derby.impl.db.BasicDatabase.boot(Unknown Source)
	at org.apache.derby.impl.services.monitor.BaseMonitor.boot(Unknown Source)
	at org.apache.derby.impl.services.monitor.TopService.bootModule(Unknown Source)
	at org.apache.derby.impl.services.monitor.BaseMonitor.bootService(Unknown Source)
	at org.apache.derby.impl.services.monitor.BaseMonitor.startProviderService(Unknown Source)
	at org.apache.derby.impl.services.monitor.BaseMonitor.findProviderAndStartService(Unknown Source)
	at org.apache.derby.impl.services.monitor.BaseMonitor.startPersistentService(Unknown Source)
	at org.apache.derby.iapi.services.monitor.Monitor.startPersistentService(Unknown Source)
	at org.apache.derby.impl.jdbc.EmbedConnection.bootDatabase(Unknown Source)
	at org.apache.derby.impl.jdbc.EmbedConnection.<init>(Unknown Source)
	at org.apache.derby.jdbc.InternalDriver.getNewEmbedConnection(Unknown Source)
	at org.apache.derby.jdbc.InternalDriver.connect(Unknown Source)
	at org.apache.derby.jdbc.InternalDriver.connect(Unknown Source)
	at org.apache.derby.jdbc.EmbeddedDriver.connect(Unknown Source)
	at java.sql.DriverManager.getConnection(DriverManager.java:664)
	at java.sql.DriverManager.getConnection(DriverManager.java:247)
	at com.ndemyanovskyi.derby.Derby.lambda$connect$29(Derby.java:27)
	at com.ndemyanovskyi.derby.Derby$$Lambda$366/1714535928.get(Unknown Source)
	at com.ndemyanovskyi.throwable.Exceptions.execute(Exceptions.java:52)
	at com.ndemyanovskyi.derby.Derby.connect(Derby.java:24)
	at com.ndemyanovskyi.backend.DataManager.getDatabase(DataManager.java:77)
	at com.ndemyanovskyi.backend.DataManager.getTable(DataManager.java:87)
	at com.ndemyanovskyi.backend.DataManager.getTable(DataManager.java:81)
	at com.ndemyanovskyi.backend.DataManager$RateListLoader.load(DataManager.java:414)
	at com.ndemyanovskyi.backend.DataManager$RateListLoader.load(DataManager.java:371)
	at com.ndemyanovskyi.backend.loader.SimpleLoader.lambda$execute$36(SimpleLoader.java:28)
	at com.ndemyanovskyi.backend.loader.SimpleLoader$$Lambda$365/443280953.run(Unknown Source)
	at java.lang.Thread.run(Thread.java:745)
============= end nested exception, level (2) ===========
Cleanup action completed
